
Showing All Messages
CompileC /Users/vashworth/Library/Developer/Xcode/DerivedData/Runner-atrsagjewzfzqifculthbcbtkskm/Build/Intermediates.noindex/Runner.build/Debug-iphonesimulator/RunnerTests.build/Objects-normal/arm64/PhotoAssetUtilTests.o /Users/vashworth/Development/packages/packages/image_picker/image_picker_ios/example/ios/RunnerTests/PhotoAssetUtilTests.m normal arm64 objective-c com.apple.compilers.llvm.clang.1_0.compiler (in target 'RunnerTests' from project 'Runner')
    cd /Users/vashworth/Development/packages/packages/image_picker/image_picker_ios/example/ios
    /Applications/Xcode.app/Contents/Developer/Toolchains/XcodeDefault.xctoolchain/usr/bin/clang -x objective-c -ivfsstatcache /Users/vashworth/Library/Developer/Xcode/DerivedData/SDKStatCaches.noindex/iphonesimulator17.0-21A325-9f995cea1212cde75317d7d3cd2045e2.sdkstatcache -target arm64-apple-ios11.0-simulator -fmessage-length\=0 -fdiagnostics-show-note-include-stack -fmacro-backtrace-limit\=0 -fno-color-diagnostics -std\=gnu99 -fobjc-arc -fmodules -gmodules -fmodules-cache-path\=/Users/vashworth/Library/Developer/Xcode/DerivedData/ModuleCache.noindex -fmodules-prune-interval\=86400 -fmodules-prune-after\=345600 -fbuild-session-file\=/Users/vashworth/Library/Developer/Xcode/DerivedData/ModuleCache.noindex/Session.modulevalidation -fmodules-validate-once-per-build-session -Wnon-modular-include-in-framework-module -Werror\=non-modular-include-in-framework-module -fmodule-name\=RunnerTests -Wno-trigraphs -fpascal-strings -O0 -fno-common -Wno-missing-field-initializers -Wno-missing-prototypes -Werror\=return-type -Wunreachable-code -Wno-implicit-atomic-properties -Werror\=deprecated-objc-isa-usage -Wno-objc-interface-ivars -Werror\=objc-root-class -Wno-arc-repeated-use-of-weak -Wimplicit-retain-self -Wduplicate-method-match -Wno-missing-braces -Wparentheses -Wswitch -Wunused-function -Wno-unused-label -Wno-unused-parameter -Wunused-variable -Wunused-value -Wempty-body -Wuninitialized -Wconditional-uninitialized -Wno-unknown-pragmas -Wno-shadow -Wno-four-char-constants -Wno-conversion -Wconstant-conversion -Wint-conversion -Wbool-conversion -Wenum-conversion -Wno-float-conversion -Wnon-literal-null-conversion -Wobjc-literal-conversion -Wshorten-64-to-32 -Wpointer-sign -Wno-newline-eof -Wno-selector -Wno-strict-selector-match -Wundeclared-selector -Wdeprecated-implementations -Wno-implicit-fallthrough -DDEBUG\=1 -DCOCOAPODS\=1 -DOBJC_OLD_DISPATCH_PROTOTYPES\=0 -isysroot /Applications/Xcode.app/Contents/Developer/Platforms/iPhoneSimulator.platform/Developer/SDKs/iPhoneSimulator17.0.sdk -fstrict-aliasing -Wprotocol -Wdeprecated-declarations -g -Wno-sign-conversion -Winfinite-recursion -Wcomma -Wblock-capture-autoreleasing -Wstrict-prototypes -Wno-semicolon-before-method-body -fobjc-abi-version\=2 -fobjc-legacy-dispatch -index-store-path /Users/vashworth/Library/Developer/Xcode/DerivedData/Runner-atrsagjewzfzqifculthbcbtkskm/Index.noindex/DataStore -iquote /Users/vashworth/Library/Developer/Xcode/DerivedData/Runner-atrsagjewzfzqifculthbcbtkskm/Build/Intermediates.noindex/Runner.build/Debug-iphonesimulator/RunnerTests.build/RunnerTests-generated-files.hmap -I/Users/vashworth/Library/Developer/Xcode/DerivedData/Runner-atrsagjewzfzqifculthbcbtkskm/Build/Intermediates.noindex/Runner.build/Debug-iphonesimulator/RunnerTests.build/RunnerTests-own-target-headers.hmap -I/Users/vashworth/Library/Developer/Xcode/DerivedData/Runner-atrsagjewzfzqifculthbcbtkskm/Build/Intermediates.noindex/Runner.build/Debug-iphonesimulator/RunnerTests.build/RunnerTests-all-non-framework-target-headers.hmap -ivfsoverlay /Users/vashworth/Library/Developer/Xcode/DerivedData/Runner-atrsagjewzfzqifculthbcbtkskm/Build/Intermediates.noindex/Runner.build/Debug-iphonesimulator/RunnerTests.build/all-product-headers.yaml -iquote /Users/vashworth/Library/Developer/Xcode/DerivedData/Runner-atrsagjewzfzqifculthbcbtkskm/Build/Intermediates.noindex/Runner.build/Debug-iphonesimulator/RunnerTests.build/RunnerTests-project-headers.hmap -I/Users/vashworth/Development/packages/packages/image_picker/image_picker_ios/ios/image_picker_ios/Sources/image_picker_ios/private -I/Users/vashworth/Development/packages/packages/image_picker/image_picker_ios/ios/image_picker_ios/Sources/image_picker_ios/include -I/Users/vashworth/Library/Developer/Xcode/DerivedData/Runner-atrsagjewzfzqifculthbcbtkskm/Build/Products/Debug-iphonesimulator/include -I/Users/vashworth/Development/packages/packages/image_picker/image_picker_ios/example/ios/Pods/Headers/Public -I/Users/vashworth/Development/packages/packages/image_picker/image_picker_ios/example/ios/Pods/Headers/Public/OCMock -I/Users/vashworth/Development/packages/packages/image_picker/image_picker_ios/example/ios/Pods/Headers/Public/integration_test -I/Users/vashworth/Development/packages/packages/image_picker/image_picker_ios/example/ios/Pods/Headers/Public/video_player_avfoundation -I/Users/vashworth/Library/Developer/Xcode/DerivedData/Runner-atrsagjewzfzqifculthbcbtkskm/Build/Intermediates.noindex/Runner.build/Debug-iphonesimulator/RunnerTests.build/DerivedSources-normal/arm64 -I/Users/vashworth/Library/Developer/Xcode/DerivedData/Runner-atrsagjewzfzqifculthbcbtkskm/Build/Intermediates.noindex/Runner.build/Debug-iphonesimulator/RunnerTests.build/DerivedSources/arm64 -I/Users/vashworth/Library/Developer/Xcode/DerivedData/Runner-atrsagjewzfzqifculthbcbtkskm/Build/Intermediates.noindex/Runner.build/Debug-iphonesimulator/RunnerTests.build/DerivedSources -F/Users/vashworth/Library/Developer/Xcode/DerivedData/Runner-atrsagjewzfzqifculthbcbtkskm/Build/Products/Debug-iphonesimulator/PackageFrameworks -F/Users/vashworth/Library/Developer/Xcode/DerivedData/Runner-atrsagjewzfzqifculthbcbtkskm/Build/Products/Debug-iphonesimulator/PackageFrameworks -F/Users/vashworth/Library/Developer/Xcode/DerivedData/Runner-atrsagjewzfzqifculthbcbtkskm/Build/Products/Debug-iphonesimulator/PackageFrameworks -F/Users/vashworth/Library/Developer/Xcode/DerivedData/Runner-atrsagjewzfzqifculthbcbtkskm/Build/Products/Debug-iphonesimulator -F/Applications/Xcode.app/Contents/Developer/Platforms/iPhoneSimulator.platform/Developer/Library/Frameworks -iframework /Applications/Xcode.app/Contents/Developer/Platforms/iPhoneSimulator.platform/Developer/SDKs/iPhoneSimulator17.0.sdk/Developer/Library/Frameworks -fmodule-map-file\=/Users/vashworth/Library/Developer/Xcode/DerivedData/Runner-atrsagjewzfzqifculthbcbtkskm/Build/Intermediates.noindex/GeneratedModuleMaps-iphonesimulator/image_picker_ios_test.modulemap -fmodule-map-file\=/Users/vashworth/Library/Developer/Xcode/DerivedData/Runner-atrsagjewzfzqifculthbcbtkskm/Build/Intermediates.noindex/GeneratedModuleMaps-iphonesimulator/image_picker_ios.modulemap -fmodule-map-file\=/Users/vashworth/Library/Developer/Xcode/DerivedData/Runner-atrsagjewzfzqifculthbcbtkskm/Build/Intermediates.noindex/GeneratedModuleMaps-iphonesimulator/FlutterPackage.modulemap -fmodule-map-file\=/Users/vashworth/Development/packages/packages/image_picker/image_picker_ios/example/ios/Pods/Headers/Public/integration_test/integration_test.modulemap -fmodule-map-file\=/Users/vashworth/Development/packages/packages/image_picker/image_picker_ios/example/ios/Pods/Headers/Public/video_player_avfoundation/video_player_avfoundation.modulemap -MMD -MT dependencies -MF /Users/vashworth/Library/Developer/Xcode/DerivedData/Runner-atrsagjewzfzqifculthbcbtkskm/Build/Intermediates.noindex/Runner.build/Debug-iphonesimulator/RunnerTests.build/Objects-normal/arm64/PhotoAssetUtilTests.d --serialize-diagnostics /Users/vashworth/Library/Developer/Xcode/DerivedData/Runner-atrsagjewzfzqifculthbcbtkskm/Build/Intermediates.noindex/Runner.build/Debug-iphonesimulator/RunnerTests.build/Objects-normal/arm64/PhotoAssetUtilTests.dia -c /Users/vashworth/Development/packages/packages/image_picker/image_picker_ios/example/ios/RunnerTests/PhotoAssetUtilTests.m -o /Users/vashworth/Library/Developer/Xcode/DerivedData/Runner-atrsagjewzfzqifculthbcbtkskm/Build/Intermediates.noindex/Runner.build/Debug-iphonesimulator/RunnerTests.build/Objects-normal/arm64/PhotoAssetUtilTests.o -index-unit-output-path /Runner.build/Debug-iphonesimulator/RunnerTests.build/Objects-normal/arm64/PhotoAssetUtilTests.o

While building module 'image_picker_ios_test' imported from /Users/vashworth/Development/packages/packages/image_picker/image_picker_ios/example/ios/RunnerTests/PhotoAssetUtilTests.m:8:
In file included from <module-includes>:1:
/Users/vashworth/Development/packages/packages/image_picker/image_picker_ios/ios/image_picker_ios/Sources/image_picker_ios/private/FLTImagePickerPhotoAssetUtil.h:9:9: fatal error: 'FLTImagePickerImageUtil.h' file not found
#import "FLTImagePickerImageUtil.h"
        ^~~~~~~~~~~~~~~~~~~~~~~~~~~
1 error generated.
/Users/vashworth/Development/packages/packages/image_picker/image_picker_ios/example/ios/RunnerTests/PhotoAssetUtilTests.m:8:9: fatal error: could not build module 'image_picker_ios_test'
@import image_picker_ios_test;
 ~~~~~~~^~~~~~~~~~~~~~~~~~~~~
2 errors generated.

/Users/vashworth/Development/packages/packages/image_picker/image_picker_ios/ios/image_picker_ios/Sources/image_picker_ios/private/FLTImagePickerPhotoAssetUtil.h:9:9: 'FLTImagePickerImageUtil.h' file not found

/Users/vashworth/Development/packages/packages/image_picker/image_picker_ios/example/ios/RunnerTests/PhotoAssetUtilTests.m:8:9: Could not build module 'image_picker_ios_test'

